[13:40:43] [main/DEBUG] [FML/]: Injecting tracing printstreams for STDOUT/STDERR.
[13:40:43] [main/INFO] [FML/]: Forge Mod Loader version 7.10.85.1291 for Minecraft 1.7.10 loading
[13:40:43] [main/INFO] [FML/]: Java is OpenJDK 64-Bit Server VM, version 1.7.0_75, running on Linux:amd64:3.16.0-31-generic, installed at /usr/lib/jvm/java-7-openjdk-amd64/jre
[13:40:43] [main/DEBUG] [FML/]: Java classpath at launch is /home/jens/workspace/AlternateTechnics/bin:/home/jens/.gradle/caches/minecraft/net/minecraftforge/forge/1.7.10-10.13.2.1291/forgeSrc-1.7.10-10.13.2.1291.jar:/home/jens/.gradle/caches/modules-2/files-2.1/net.minecraft/launchwrapper/1.11/9c0592c6e1e9ea296a70948081bd4cc84dda1289/launchwrapper-1.11.jar:/home/jens/.gradle/caches/modules-2/files-2.1/com.google.code.findbugs/jsr305/1.3.9/40719ea6961c0cb6afaeb6a921eaa1f6afd4cfdf/jsr305-1.3.9.jar:/home/jens/.gradle/caches/modules-2/files-2.1/org.ow2.asm/asm-debug-all/5.0.3/f9e364ae2a66ce2a543012a4668856e84e5dab74/asm-debug-all-5.0.3.jar:/home/jens/.gradle/caches/modules-2/files-2.1/com.typesafe.akka/akka-actor_2.11/2.3.3/ed62e9fc709ca0f2ff1a3220daa8b70a2870078e/akka-actor_2.11-2.3.3.jar:/home/jens/.gradle/caches/modules-2/files-2.1/com.typesafe/config/1.2.1/f771f71fdae3df231bcd54d5ca2d57f0bf93f467/config-1.2.1.jar:/home/jens/.gradle/caches/modules-2/files-2.1/org.scala-lang/scala-actors-migration_2.11/1.1.0/dfa8bc42b181d5b9f1a5dd147f8ae308b893eb6f/scala-actors-migration_2.11-1.1.0.jar:/home/jens/.gradle/caches/modules-2/files-2.1/org.scala-lang/scala-compiler/2.11.1/56ea2e6c025e0821f28d73ca271218b8dd04926a/scala-compiler-2.11.1.jar:/home/jens/.gradle/caches/modules-2/files-2.1/org.scala-lang.plugins/scala-continuations-library_2.11/1.0.2/e517c53a7e9acd6b1668c5a35eccbaa3bab9aac/scala-continuations-library_2.11-1.0.2.jar:/home/jens/.gradle/caches/modules-2/files-2.1/org.scala-lang.plugins/scala-continuations-plugin_2.11.1/1.0.2/f361a3283452c57fa30c1ee69448995de23c60f7/scala-continuations-plugin_2.11.1-1.0.2.jar:/home/jens/.gradle/caches/modules-2/files-2.1/org.scala-lang/scala-library/2.11.1/e11da23da3eabab9f4777b9220e60d44c1aab6a/scala-library-2.11.1.jar:/home/jens/.gradle/caches/modules-2/files-2.1/org.scala-lang/scala-parser-combinators_2.11/1.0.1/f05d7345bf5a58924f2837c6c1f4d73a938e1ff0/scala-parser-combinators_2.11-1.0.1.jar:/home/jens/.gradle/caches/modules-2/files-2.1/org.scala-lang/scala-reflect/2.11.1/6580347e61cc7f8e802941e7fde40fa83b8badeb/scala-reflect-2.11.1.jar:/home/jens/.gradle/caches/modules-2/files-2.1/org.scala-lang/scala-swing_2.11/1.0.1/b1cdd92bd47b1e1837139c1c53020e86bb9112ae/scala-swing_2.11-1.0.1.jar:/home/jens/.gradle/caches/modules-2/files-2.1/org.scala-lang/scala-xml_2.11/1.0.2/7a80ec00aec122fba7cd4e0d4cdd87ff7e4cb6d0/scala-xml_2.11-1.0.2.jar:/home/jens/.gradle/caches/modules-2/files-2.1/net.sf.jopt-simple/jopt-simple/4.5/6065cc95c661255349c1d0756657be17c29a4fd3/jopt-simple-4.5.jar:/home/jens/.gradle/caches/modules-2/files-2.1/lzma/lzma/0.0.1/521616dc7487b42bef0e803bd2fa3faf668101d7/lzma-0.0.1.jar:/home/jens/.gradle/caches/modules-2/files-2.1/com.mojang/realms/1.3.5/807ae355ee63583becd7ea60e76aab1532bb42e/realms-1.3.5.jar:/home/jens/.gradle/caches/modules-2/files-2.1/org.apache.commons/commons-compress/1.8.1/a698750c16740fd5b3871425f4cb3bbaa87f529d/commons-compress-1.8.1.jar:/home/jens/.gradle/caches/modules-2/files-2.1/org.apache.httpcomponents/httpclient/4.3.3/18f4247ff4572a074444572cee34647c43e7c9c7/httpclient-4.3.3.jar:/home/jens/.gradle/caches/modules-2/files-2.1/commons-logging/commons-logging/1.1.3/f6f66e966c70a83ffbdb6f17a0919eaf7c8aca7f/commons-logging-1.1.3.jar:/home/jens/.gradle/caches/modules-2/files-2.1/org.apache.httpcomponents/httpcore/4.3.2/31fbbff1ddbf98f3aa7377c94d33b0447c646b6e/httpcore-4.3.2.jar:/home/jens/.gradle/caches/modules-2/files-2.1/java3d/vecmath/1.3.1/a0ae4f51da409fa0c20fa0ca59e6bbc9413ae71d/vecmath-1.3.1.jar:/home/jens/.gradle/caches/modules-2/files-2.1/net.sf.trove4j/trove4j/3.0.3/42ccaf4761f0dfdfa805c9e340d99a755907e2dd/trove4j-3.0.3.jar:/home/jens/.gradle/caches/modules-2/files-2.1/com.ibm.icu/icu4j-core-mojang/51.2/63d216a9311cca6be337c1e458e587f99d382b84/icu4j-core-mojang-51.2.jar:/home/jens/.gradle/caches/modules-2/files-2.1/com.paulscode/codecjorbis/20101023/c73b5636faf089d9f00e8732a829577de25237ee/codecjorbis-20101023.jar:/home/jens/.gradle/caches/modules-2/files-2.1/com.paulscode/codecwav/20101023/12f031cfe88fef5c1dd36c563c0a3a69bd7261da/codecwav-20101023.jar:/home/jens/.gradle/caches/modules-2/files-2.1/com.paulscode/libraryjavasound/20101123/5c5e304366f75f9eaa2e8cca546a1fb6109348b3/libraryjavasound-20101123.jar:/home/jens/.gradle/caches/modules-2/files-2.1/com.paulscode/librarylwjglopenal/20100824/73e80d0794c39665aec3f62eee88ca91676674ef/librarylwjglopenal-20100824.jar:/home/jens/.gradle/caches/modules-2/files-2.1/com.paulscode/soundsystem/20120107/419c05fe9be71f792b2d76cfc9b67f1ed0fec7f6/soundsystem-20120107.jar:/home/jens/.gradle/caches/modules-2/files-2.1/io.netty/netty-all/4.0.10.Final/9e50bd52ffe257a0e2cd8d971688d6ce7d174325/netty-all-4.0.10.Final.jar:/home/jens/.gradle/caches/modules-2/files-2.1/commons-io/commons-io/2.4/b1b6ea3b7e4aa4f492509a4952029cd8e48019ad/commons-io-2.4.jar:/home/jens/.gradle/caches/modules-2/files-2.1/commons-codec/commons-codec/1.9/9ce04e34240f674bc72680f8b843b1457383161a/commons-codec-1.9.jar:/home/jens/.gradle/caches/modules-2/files-2.1/net.java.jinput/jinput/2.0.5/39c7796b469a600f72380316f6b1f11db6c2c7c4/jinput-2.0.5.jar:/home/jens/.gradle/caches/modules-2/files-2.1/net.java.jutils/jutils/1.0.0/e12fe1fda814bd348c1579329c86943d2cd3c6a6/jutils-1.0.0.jar:/home/jens/.gradle/caches/modules-2/files-2.1/com.google.code.gson/gson/2.2.4/a60a5e993c98c864010053cb901b7eab25306568/gson-2.2.4.jar:/home/jens/.gradle/caches/modules-2/files-2.1/com.mojang/authlib/1.5.16/ef1582b11fd0943d069cdcb72e99008ac209a283/authlib-1.5.16.jar:/home/jens/.gradle/caches/modules-2/files-2.1/org.apache.logging.log4j/log4j-api/2.0-beta9/1dd66e68cccd907880229f9e2de1314bd13ff785/log4j-api-2.0-beta9.jar:/home/jens/.gradle/caches/modules-2/files-2.1/org.apache.logging.log4j/log4j-core/2.0-beta9/678861ba1b2e1fccb594bb0ca03114bb05da9695/log4j-core-2.0-beta9.jar:/home/jens/.gradle/caches/modules-2/files-2.1/org.lwjgl.lwjgl/lwjgl/2.9.1/f58c5aabcef0e41718a564be9f8e412fff8db847/lwjgl-2.9.1.jar:/home/jens/.gradle/caches/modules-2/files-2.1/org.lwjgl.lwjgl/lwjgl_util/2.9.1/290d7ba8a1bd9566f5ddf16ad06f09af5ec9b20e/lwjgl_util-2.9.1.jar:/home/jens/.gradle/caches/modules-2/files-2.1/tv.twitch/twitch/5.16/1f55f009c61637c10c0acfb8b5ffc600f30044b4/twitch-5.16.jar:/home/jens/.gradle/caches/modules-2/files-2.1/org.scala-lang/scala-actors/2.11.0/8ccfb6541de179bb1c4d45cf414acee069b7f78b/scala-actors-2.11.0.jar:/home/jens/.gradle/caches/modules-2/files-2.1/org.scala-lang.modules/scala-xml_2.11/1.0.2/820fbca7e524b530fdadc594c39d49a21ea0337e/scala-xml_2.11-1.0.2.jar:/home/jens/.gradle/caches/modules-2/files-2.1/org.scala-lang.modules/scala-parser-combinators_2.11/1.0.1/f05d7345bf5a58924f2837c6c1f4d73a938e1ff0/scala-parser-combinators_2.11-1.0.1.jar:/home/jens/.gradle/caches/modules-2/files-2.1/net.java.jinput/jinput-platform/2.0.5/7ff832a6eb9ab6a767f1ade2b548092d0fa64795/jinput-platform-2.0.5-natives-linux.jar:/home/jens/.gradle/caches/modules-2/files-2.1/net.java.jinput/jinput-platform/2.0.5/385ee093e01f587f30ee1c8a2ee7d408fd732e16/jinput-platform-2.0.5-natives-windows.jar:/home/jens/.gradle/caches/modules-2/files-2.1/net.java.jinput/jinput-platform/2.0.5/53f9c919f34d2ca9de8c51fc4e1e8282029a9232/jinput-platform-2.0.5-natives-osx.jar:/home/jens/.gradle/caches/modules-2/files-2.1/tv.twitch/twitch-platform/5.16/7c6affe439099806a4f552da14c42f9d643d8b23/twitch-platform-5.16-natives-windows-32.jar:/home/jens/.gradle/caches/modules-2/files-2.1/tv.twitch/twitch-platform/5.16/39d0c3d363735b4785598e0e7fbf8297c706a9f9/twitch-platform-5.16-natives-windows-64.jar:/home/jens/.gradle/caches/modules-2/files-2.1/tv.twitch/twitch-platform/5.16/62503ee712766cf77f97252e5902786fd834b8c5/twitch-platform-5.16-natives-osx.jar:/home/jens/.gradle/caches/modules-2/files-2.1/tv.twitch/twitch-external-platform/4.5/18215140f010c05b9f86ef6f0f8871954d2ccebf/twitch-external-platform-4.5-natives-windows-32.jar:/home/jens/.gradle/caches/modules-2/files-2.1/tv.twitch/twitch-external-platform/4.5/c3cde57891b935d41b6680a9c5e1502eeab76d86/twitch-external-platform-4.5-natives-windows-64.jar:/home/jens/.gradle/caches/modules-2/files-2.1/org.lwjgl.lwjgl/lwjgl-platform/2.9.1/4c517eca808522457dd95ee8fc1fbcdbb602efbe/lwjgl-platform-2.9.1-natives-windows.jar:/home/jens/.gradle/caches/modules-2/files-2.1/org.lwjgl.lwjgl/lwjgl-platform/2.9.1/aa9aae879af8eb378e22cfc64db56ec2ca9a44d1/lwjgl-platform-2.9.1-natives-linux.jar:/home/jens/.gradle/caches/modules-2/files-2.1/org.lwjgl.lwjgl/lwjgl-platform/2.9.1/2d12c83fdfbc04ecabf02c7bc8cc54d034f0daac/lwjgl-platform-2.9.1-natives-osx.jar:/home/jens/.gradle/caches/modules-2/files-2.1/com.google.guava/guava/17.0/9c6ef172e8de35fd8d4d8783e4821e57cdef7445/guava-17.0.jar:/home/jens/.gradle/caches/modules-2/files-2.1/org.apache.commons/commons-lang3/3.3.2/90a3822c38ec8c996e84c16a3477ef632cbc87a3/commons-lang3-3.3.2.jar:/home/jens/.gradle/caches/minecraft/net/minecraftforge/forge/1.7.10-10.13.2.1291/start
[13:40:43] [main/DEBUG] [FML/]: Java library path at launch is /usr/lib32:/usr/java/packages/lib/amd64:/usr/lib/x86_64-linux-gnu/jni:/lib/x86_64-linux-gnu:/usr/lib/x86_64-linux-gnu:/usr/lib/jni:/lib:/usr/lib
[13:40:43] [main/INFO] [FML/]: Managed to load a deobfuscated Minecraft name- we are in a deobfuscated environment. Skipping runtime deobfuscation
[13:40:43] [main/DEBUG] [FML/]: Instantiating coremod class FMLCorePlugin
[13:40:43] [main/DEBUG] [FML/]: Added access transformer class cpw.mods.fml.common.asm.transformers.AccessTransformer to enqueued access transformers
[13:40:43] [main/DEBUG] [FML/]: Enqueued coremod FMLCorePlugin
[13:40:43] [main/DEBUG] [FML/]: Instantiating coremod class FMLForgePlugin
[13:40:43] [main/DEBUG] [FML/]: Added access transformer class net.minecraftforge.transformers.ForgeAccessTransformer to enqueued access transformers
[13:40:43] [main/DEBUG] [FML/]: Enqueued coremod FMLForgePlugin
[13:40:43] [main/DEBUG] [FML/]: All fundamental core mods are successfully located
[13:40:43] [main/DEBUG] [FML/]: Attempting to load commandline specified mods, relative to /home/jens/workspace/AlternateTechnics/eclipse/.
[13:40:43] [main/DEBUG] [FML/]: Discovering coremods
[13:40:43] [main/DEBUG] [FML/]: Examining for coremod candidacy CodeChickenCore-1.7.10-1.0.4.29-universal.jar
[13:40:43] [main/TRACE] [FML/]: Adding CodeChickenCore-1.7.10-1.0.4.29-universal.jar to the list of known coremods, it will not be examined again
[13:40:43] [main/DEBUG] [FML/]: Instantiating coremod class CodeChickenCorePlugin
[13:40:43] [main/WARN] [FML/]: The coremod codechicken.core.launch.CodeChickenCorePlugin does not have a MCVersion annotation, it may cause issues with this version of Minecraft
[13:40:43] [main/INFO] [STDOUT/]: [codechicken.core.launch.DepLoader$DepLoadInst:checkExisting:431]: Deleted old version CodeChickenLib-1.7.2-1.1.1.92-dev.jar
[13:40:44] [main/INFO] [STDOUT/]: [codechicken.core.launch.DepLoader$DepLoadInst:download:343]: Download complete
[13:40:44] [main/DEBUG] [FML/]: Added access transformer class codechicken.core.asm.CodeChickenAccessTransformer to enqueued access transformers
[13:40:44] [main/DEBUG] [FML/]: Enqueued coremod CodeChickenCorePlugin
[13:40:44] [main/DEBUG] [FML/]: Examining for coremod candidacy CodeChickenLib-1.7.2-1.1.1.92-dev.jar
[13:40:44] [main/ERROR] [FML/]: Unable to read the jar file CodeChickenLib-1.7.2-1.1.1.92-dev.jar - ignoring
java.io.FileNotFoundException: /home/jens/workspace/AlternateTechnics/eclipse/mods/1.7.10/CodeChickenLib-1.7.2-1.1.1.92-dev.jar (Datei oder Verzeichnis nicht gefunden)
	at java.util.zip.ZipFile.open(Native Method) ~[?:1.7.0_75]
	at java.util.zip.ZipFile.<init>(ZipFile.java:215) ~[?:1.7.0_75]
	at java.util.zip.ZipFile.<init>(ZipFile.java:145) ~[?:1.7.0_75]
	at java.util.jar.JarFile.<init>(JarFile.java:154) ~[?:1.7.0_75]
	at java.util.jar.JarFile.<init>(JarFile.java:118) ~[?:1.7.0_75]
	at cpw.mods.fml.relauncher.CoreModManager.discoverCoreMods(CoreModManager.java:265) [forgeSrc-1.7.10-10.13.2.1291.jar:?]
	at cpw.mods.fml.relauncher.CoreModManager.handleLaunch(CoreModManager.java:214) [forgeSrc-1.7.10-10.13.2.1291.jar:?]
	at cpw.mods.fml.relauncher.FMLLaunchHandler.setupHome(FMLLaunchHandler.java:90) [forgeSrc-1.7.10-10.13.2.1291.jar:?]
	at cpw.mods.fml.relauncher.FMLLaunchHandler.setupClient(FMLLaunchHandler.java:67) [forgeSrc-1.7.10-10.13.2.1291.jar:?]
	at cpw.mods.fml.relauncher.FMLLaunchHandler.configureForClientLaunch(FMLLaunchHandler.java:34) [forgeSrc-1.7.10-10.13.2.1291.jar:?]
	at cpw.mods.fml.common.launcher.FMLTweaker.injectIntoClassLoader(FMLTweaker.java:126) [forgeSrc-1.7.10-10.13.2.1291.jar:?]
	at net.minecraft.launchwrapper.Launch.launch(Launch.java:115) [launchwrapper-1.11.jar:?]
	at net.minecraft.launchwrapper.Launch.main(Launch.java:28) [launchwrapper-1.11.jar:?]
[13:40:44] [main/DEBUG] [FML/]: Examining for coremod candidacy NotEnoughItems-1.7.10-1.0.3.74-universal.jar
[13:40:45] [main/TRACE] [FML/]: Adding NotEnoughItems-1.7.10-1.0.3.74-universal.jar to the list of known coremods, it will not be examined again
[13:40:45] [main/DEBUG] [FML/]: Instantiating coremod class NEICorePlugin
[13:40:45] [main/WARN] [FML/]: The coremod codechicken.nei.asm.NEICorePlugin does not have a MCVersion annotation, it may cause issues with this version of Minecraft
[13:40:45] [main/DEBUG] [FML/]: Enqueued coremod NEICorePlugin
[13:40:45] [main/INFO] [LaunchWrapper/]: Loading tweak class name cpw.mods.fml.common.launcher.FMLInjectionAndSortingTweaker
[13:40:45] [main/INFO] [LaunchWrapper/]: Loading tweak class name cpw.mods.fml.common.launcher.FMLDeobfTweaker
[13:40:45] [main/INFO] [LaunchWrapper/]: Calling tweak class cpw.mods.fml.common.launcher.FMLInjectionAndSortingTweaker
[13:40:45] [main/INFO] [LaunchWrapper/]: Calling tweak class cpw.mods.fml.common.launcher.FMLInjectionAndSortingTweaker
[13:40:45] [main/INFO] [LaunchWrapper/]: Calling tweak class cpw.mods.fml.relauncher.CoreModManager$FMLPluginWrapper
[13:40:45] [main/DEBUG] [FML/]: Injecting coremod FMLCorePlugin {cpw.mods.fml.relauncher.FMLCorePlugin} class transformers
[13:40:45] [main/TRACE] [FML/]: Registering transformer cpw.mods.fml.common.asm.transformers.MarkerTransformer
[13:40:45] [main/TRACE] [FML/]: Registering transformer cpw.mods.fml.common.asm.transformers.SideTransformer
[13:40:45] [main/TRACE] [FML/]: Registering transformer cpw.mods.fml.common.asm.transformers.EventSubscriptionTransformer
[13:40:45] [main/DEBUG] [FML/]: Injection complete
[13:40:45] [main/DEBUG] [FML/]: Running coremod plugin for FMLCorePlugin {cpw.mods.fml.relauncher.FMLCorePlugin}
[13:40:45] [main/DEBUG] [FML/]: Running coremod plugin FMLCorePlugin
[13:40:45] [main/ERROR] [FML/]: The binary patch set is missing. Either you are in a development environment, or things are not going to work!
[13:40:45] [main/ERROR] [FML/]: FML appears to be missing any signature data. This is not a good thing
[13:40:45] [main/DEBUG] [FML/]: Coremod plugin class FMLCorePlugin run successfully
[13:40:45] [main/INFO] [LaunchWrapper/]: Calling tweak class cpw.mods.fml.relauncher.CoreModManager$FMLPluginWrapper
[13:40:45] [main/DEBUG] [FML/]: Injecting coremod FMLForgePlugin {net.minecraftforge.classloading.FMLForgePlugin} class transformers
[13:40:45] [main/DEBUG] [FML/]: Injection complete
[13:40:45] [main/DEBUG] [FML/]: Running coremod plugin for FMLForgePlugin {net.minecraftforge.classloading.FMLForgePlugin}
[13:40:45] [main/DEBUG] [FML/]: Running coremod plugin FMLForgePlugin
[13:40:45] [main/DEBUG] [FML/]: Coremod plugin class FMLForgePlugin run successfully
[13:40:45] [main/INFO] [LaunchWrapper/]: Calling tweak class cpw.mods.fml.relauncher.CoreModManager$FMLPluginWrapper
[13:40:45] [main/DEBUG] [FML/]: Injecting coremod CCCDeobfPlugin {codechicken.core.asm.MCPDeobfuscationTransformer$LoadPlugin} class transformers
[13:40:45] [main/DEBUG] [FML/]: Injection complete
[13:40:45] [main/DEBUG] [FML/]: Running coremod plugin for CCCDeobfPlugin {codechicken.core.asm.MCPDeobfuscationTransformer$LoadPlugin}
[13:40:45] [main/DEBUG] [FML/]: Running coremod plugin CCCDeobfPlugin
[13:40:45] [main/DEBUG] [FML/]: Coremod plugin class LoadPlugin run successfully
[13:40:45] [main/INFO] [LaunchWrapper/]: Calling tweak class cpw.mods.fml.relauncher.CoreModManager$FMLPluginWrapper
[13:40:45] [main/DEBUG] [FML/]: Injecting coremod CodeChickenCorePlugin {codechicken.core.launch.CodeChickenCorePlugin} class transformers
[13:40:45] [main/TRACE] [FML/]: Registering transformer codechicken.lib.asm.ClassHeirachyManager
[13:40:45] [main/TRACE] [FML/]: Registering transformer codechicken.core.asm.InterfaceDependancyTransformer
[13:40:45] [main/TRACE] [FML/]: Registering transformer codechicken.core.asm.TweakTransformer
[13:40:45] [main/TRACE] [FML/]: Registering transformer codechicken.core.asm.DelegatedTransformer
[13:40:45] [main/TRACE] [FML/]: Registering transformer codechicken.core.asm.DefaultImplementationTransformer
[13:40:45] [main/DEBUG] [FML/]: Injection complete
[13:40:45] [main/DEBUG] [FML/]: Running coremod plugin for CodeChickenCorePlugin {codechicken.core.launch.CodeChickenCorePlugin}
[13:40:45] [main/DEBUG] [FML/]: Running coremod plugin CodeChickenCorePlugin
[13:40:45] [main/DEBUG] [FML/]: Coremod plugin class CodeChickenCorePlugin run successfully
[13:40:45] [main/INFO] [LaunchWrapper/]: Calling tweak class cpw.mods.fml.relauncher.CoreModManager$FMLPluginWrapper
[13:40:45] [main/DEBUG] [FML/]: Injecting coremod NEICorePlugin {codechicken.nei.asm.NEICorePlugin} class transformers
[13:40:45] [main/TRACE] [FML/]: Registering transformer codechicken.nei.asm.NEITransformer
[13:40:45] [main/DEBUG] [FML/]: Injection complete
[13:40:45] [main/DEBUG] [FML/]: Running coremod plugin for NEICorePlugin {codechicken.nei.asm.NEICorePlugin}
[13:40:45] [main/DEBUG] [FML/]: Running coremod plugin NEICorePlugin
[13:40:45] [main/DEBUG] [FML/]: Coremod plugin class NEICorePlugin run successfully
[13:40:45] [main/INFO] [LaunchWrapper/]: Calling tweak class cpw.mods.fml.common.launcher.FMLDeobfTweaker
[13:40:45] [main/DEBUG] [FML/]: Loaded 46 rules from AccessTransformer config file fml_at.cfg

[13:40:45] [main/DEBUG] [FML/]: Loaded 89 rules from AccessTransformer config file forge_at.cfg

[13:40:45] [main/DEBUG] [FML/]: Loaded 46 rules from AccessTransformer config file fml_at.cfg

[13:40:45] [main/DEBUG] [FML/]: Loaded 11 rules from AccessTransformer mod jar file /home/jens/workspace/AlternateTechnics/eclipse/mods/NotEnoughItems-1.7.10-1.0.3.74-universal.jar!META-INF/nei_at.cfg

[13:40:45] [main/DEBUG] [FML/]: Validating minecraft
[13:40:46] [main/DEBUG] [FML/]: Minecraft validated, launching...
[13:40:46] [main/INFO] [LaunchWrapper/]: Loading tweak class name cpw.mods.fml.common.launcher.TerminalTweaker
[13:40:46] [main/INFO] [LaunchWrapper/]: Calling tweak class cpw.mods.fml.common.launcher.TerminalTweaker
[13:40:46] [main/INFO] [LaunchWrapper/]: Launching wrapped minecraft {net.minecraft.client.main.Main}
[13:40:47] [main/DEBUG] [CCL ASM/]: Inserted super call into [net/minecraft/client/renderer/InventoryEffectRenderer.updateScreen()V]
[13:40:47] [main/DEBUG] [CCL ASM/]: Writing method [net/minecraft/client/gui/inventory/GuiContainer.setWorldAndResolution(Lnet/minecraft/client/Minecraft;II)V]
[13:40:47] [main/DEBUG] [CCL ASM/]: Writing method [net/minecraft/client/gui/inventory/GuiContainer.handleKeyboardInput()V]
[13:40:47] [main/DEBUG] [CCL ASM/]: Writing method [net/minecraft/client/gui/inventory/GuiContainer.handleKeyboardInput()V]
[13:40:47] [main/DEBUG] [CCL ASM/]: Writing method [net/minecraft/client/gui/inventory/GuiContainer.handleKeyboardInput()V]
[13:40:47] [main/DEBUG] [CCL ASM/]: Writing method [net/minecraft/client/gui/inventory/GuiContainer.handleMouseInput()V]
[13:40:47] [main/DEBUG] [CCL ASM/]: Writing method [net/minecraft/client/gui/inventory/GuiContainer.public_func_73869_a(CI)V]
[13:40:47] [main/DEBUG] [CCL ASM/]: Writing method [net/minecraft/client/gui/inventory/GuiContainer.public_func_146984_a(Lnet/minecraft/inventory/Slot;III)V]
[13:40:47] [main/DEBUG] [CCL ASM/]: Injecting before method [net/minecraft/client/gui/inventory/GuiContainer.drawScreen(IIF)V]
[13:40:47] [main/DEBUG] [CCL ASM/]: Injecting after method [net/minecraft/client/gui/inventory/GuiContainer.drawScreen(IIF)V] @ 138 - 140
[13:40:47] [main/DEBUG] [CCL ASM/]: Injecting after method [net/minecraft/client/gui/inventory/GuiContainer.drawScreen(IIF)V] @ 220 - 225
[13:40:47] [main/DEBUG] [CCL ASM/]: Replacing method [net/minecraft/client/gui/inventory/GuiContainer.drawScreen(IIF)V] @ 444 - 470
[13:40:47] [main/DEBUG] [CCL ASM/]: Replacing method [net/minecraft/client/gui/inventory/GuiContainer.drawItemStack(Lnet/minecraft/item/ItemStack;IILjava/lang/String;)V] @ 9 - 10
[13:40:47] [main/DEBUG] [CCL ASM/]: Replacing method [net/minecraft/client/gui/inventory/GuiContainer.drawItemStack(Lnet/minecraft/item/ItemStack;IILjava/lang/String;)V] @ 14 - 15
[13:40:47] [main/DEBUG] [CCL ASM/]: Replacing method [net/minecraft/client/gui/inventory/GuiContainer.func_146977_a(Lnet/minecraft/inventory/Slot;)V] @ 298 - 323
[13:40:47] [main/DEBUG] [CCL ASM/]: Injecting before method [net/minecraft/client/gui/inventory/GuiContainer.mouseClicked(III)V]
[13:40:47] [main/DEBUG] [CCL ASM/]: Replacing method [net/minecraft/client/gui/inventory/GuiContainer.mouseClicked(III)V] @ 259 - 260
[13:40:47] [main/DEBUG] [CCL ASM/]: Replacing method [net/minecraft/client/gui/inventory/GuiContainer.mouseClicked(III)V] @ 331 - 332
[13:40:47] [main/DEBUG] [CCL ASM/]: Replacing method [net/minecraft/client/gui/inventory/GuiContainer.mouseClickMove(IIIJ)V] @ 98 - 99
[13:40:47] [main/DEBUG] [CCL ASM/]: Replacing method [net/minecraft/client/gui/inventory/GuiContainer.mouseClickMove(IIIJ)V] @ 107 - 108
[13:40:47] [main/DEBUG] [CCL ASM/]: Replacing method [net/minecraft/client/gui/inventory/GuiContainer.mouseClickMove(IIIJ)V] @ 118 - 119
[13:40:47] [main/DEBUG] [CCL ASM/]: Replacing method [net/minecraft/client/gui/inventory/GuiContainer.mouseMovedOrUp(III)V] @ 158 - 159
[13:40:47] [main/DEBUG] [CCL ASM/]: Replacing method [net/minecraft/client/gui/inventory/GuiContainer.mouseMovedOrUp(III)V] @ 168 - 169
[13:40:47] [main/DEBUG] [CCL ASM/]: Replacing method [net/minecraft/client/gui/inventory/GuiContainer.mouseMovedOrUp(III)V] @ 287 - 288
[13:40:47] [main/DEBUG] [CCL ASM/]: Replacing method [net/minecraft/client/gui/inventory/GuiContainer.mouseMovedOrUp(III)V] @ 295 - 296
[13:40:47] [main/DEBUG] [CCL ASM/]: Replacing method [net/minecraft/client/gui/inventory/GuiContainer.mouseMovedOrUp(III)V] @ 314 - 315
[13:40:47] [main/DEBUG] [CCL ASM/]: Replacing method [net/minecraft/client/gui/inventory/GuiContainer.mouseMovedOrUp(III)V] @ 424 - 425
[13:40:47] [main/DEBUG] [CCL ASM/]: Replacing method [net/minecraft/client/gui/inventory/GuiContainer.mouseMovedOrUp(III)V] @ 454 - 455
[13:40:47] [main/DEBUG] [CCL ASM/]: Replacing method [net/minecraft/client/gui/inventory/GuiContainer.mouseMovedOrUp(III)V] @ 468 - 469
[13:40:47] [main/DEBUG] [CCL ASM/]: Replacing method [net/minecraft/client/gui/inventory/GuiContainer.mouseMovedOrUp(III)V] @ 497 - 498
[13:40:47] [main/DEBUG] [CCL ASM/]: Replacing method [net/minecraft/client/gui/inventory/GuiContainer.mouseMovedOrUp(III)V] @ 557 - 559
[13:40:47] [main/DEBUG] [CCL ASM/]: Replacing method [net/minecraft/client/gui/inventory/GuiContainer.keyTyped(CI)V] @ 54 - 55
[13:40:47] [main/DEBUG] [CCL ASM/]: Replacing method [net/minecraft/client/gui/inventory/GuiContainer.keyTyped(CI)V] @ 84 - 85
[13:40:47] [main/DEBUG] [CCL ASM/]: Replacing method [net/minecraft/client/gui/inventory/GuiContainer.checkHotbarKeys(I)Z] @ 41 - 42
[13:40:47] [main/DEBUG] [CCL ASM/]: Writing method [net/minecraft/client/gui/inventory/GuiContainer.managerHandleMouseClick(Lnet/minecraft/inventory/Slot;III)V]
[13:40:47] [main/DEBUG] [CCL ASM/]: Injecting after method [net/minecraft/client/gui/inventory/GuiContainer.mouseClickMove(IIIJ)V] @ 14 - 15
[13:40:47] [main/DEBUG] [CCL ASM/]: Injecting before method [net/minecraft/client/gui/inventory/GuiContainer.mouseMovedOrUp(III)V]
[13:40:47] [main/DEBUG] [CCL ASM/]: NEI: Injecting mouseUp call
[13:40:47] [main/DEBUG] [CCL ASM/]: Replacing method [net/minecraft/client/gui/inventory/GuiContainer.handleMouseClick(Lnet/minecraft/inventory/Slot;III)V] @ 10 - 26
[13:40:47] [main/DEBUG] [CCL ASM/]: Injecting before method [net/minecraft/client/gui/inventory/GuiContainer.keyTyped(CI)V]
[13:40:47] [main/DEBUG] [CCL ASM/]: Injecting after method [net/minecraft/client/gui/inventory/GuiContainer.updateScreen()V] @ 0 - 4
[13:40:47] [main/ERROR] [LaunchWrapper/]: Unable to launch
java.lang.reflect.InvocationTargetException
	at sun.reflect.NativeMethodAccessorImpl.invoke0(Native Method) ~[?:1.7.0_75]
	at sun.reflect.NativeMethodAccessorImpl.invoke(NativeMethodAccessorImpl.java:57) ~[?:1.7.0_75]
	at sun.reflect.DelegatingMethodAccessorImpl.invoke(DelegatingMethodAccessorImpl.java:43) ~[?:1.7.0_75]
	at java.lang.reflect.Method.invoke(Method.java:606) ~[?:1.7.0_75]
	at net.minecraft.launchwrapper.Launch.launch(Launch.java:135) [launchwrapper-1.11.jar:?]
	at net.minecraft.launchwrapper.Launch.main(Launch.java:28) [launchwrapper-1.11.jar:?]
Caused by: java.lang.UnsatisfiedLinkError: no lwjgl in java.library.path
	at java.lang.ClassLoader.loadLibrary(ClassLoader.java:1886) ~[?:1.7.0_75]
	at java.lang.Runtime.loadLibrary0(Runtime.java:849) ~[?:1.7.0_75]
	at java.lang.System.loadLibrary(System.java:1088) ~[?:1.7.0_75]
	at org.lwjgl.Sys$1.run(Sys.java:73) ~[lwjgl-2.9.1.jar:?]
	at java.security.AccessController.doPrivileged(Native Method) ~[?:1.7.0_75]
	at org.lwjgl.Sys.doLoadLibrary(Sys.java:66) ~[lwjgl-2.9.1.jar:?]
	at org.lwjgl.Sys.loadLibrary(Sys.java:95) ~[lwjgl-2.9.1.jar:?]
	at org.lwjgl.Sys.<clinit>(Sys.java:112) ~[lwjgl-2.9.1.jar:?]
	at net.minecraft.client.Minecraft.getSystemTime(Minecraft.java:2808) ~[Minecraft.class:?]
	at net.minecraft.client.main.Main.main(Main.java:79) ~[Main.class:?]
	... 6 more
