[15:05:45] [main/INFO] [GradleStart]: No arguments specified, assuming client.
[15:05:45] [main/INFO] [GradleStart]: Running with arguments: [--version, 1.7.2, --tweakClass, cpw.mods.fml.common.launcher.FMLTweaker, --assetIndex, legacy, --assetsDir, D:/Users/Administrator/.gradle/caches/minecraft/assets, --accessToken, FML, --userProperties, {}, --username, ForgeDevName]
[15:05:45] [main/INFO] [LaunchWrapper]: Loading tweak class name cpw.mods.fml.common.launcher.FMLTweaker
[15:05:45] [main/INFO] [LaunchWrapper]: Using primary tweak class name cpw.mods.fml.common.launcher.FMLTweaker
[15:05:45] [main/INFO] [LaunchWrapper]: Calling tweak class cpw.mods.fml.common.launcher.FMLTweaker
[15:08:12] [main/INFO] [GradleStart]: No arguments specified, assuming client.
[15:08:12] [main/INFO] [GradleStart]: Running with arguments: [--version, 1.7.2, --tweakClass, cpw.mods.fml.common.launcher.FMLTweaker, --assetIndex, legacy, --assetsDir, D:/Users/Administrator/.gradle/caches/minecraft/assets, --accessToken, FML, --userProperties, {}, --username, ForgeDevName]
[15:08:12] [main/INFO] [LaunchWrapper]: Loading tweak class name cpw.mods.fml.common.launcher.FMLTweaker
[15:08:12] [main/INFO] [LaunchWrapper]: Using primary tweak class name cpw.mods.fml.common.launcher.FMLTweaker
[15:08:12] [main/INFO] [LaunchWrapper]: Calling tweak class cpw.mods.fml.common.launcher.FMLTweaker
[15:11:29] [main/INFO] [GradleStart]: No arguments specified, assuming client.
[15:11:29] [main/INFO] [GradleStart]: Running with arguments: [--version, 1.7.2, --tweakClass, cpw.mods.fml.common.launcher.FMLTweaker, --assetIndex, legacy, --assetsDir, D:/Users/Administrator/.gradle/caches/minecraft/assets, --accessToken, FML, --userProperties, {}, --username, ForgeDevName]
[15:11:29] [main/INFO] [LaunchWrapper]: Loading tweak class name cpw.mods.fml.common.launcher.FMLTweaker
[15:11:29] [main/INFO] [LaunchWrapper]: Using primary tweak class name cpw.mods.fml.common.launcher.FMLTweaker
[15:11:29] [main/INFO] [LaunchWrapper]: Calling tweak class cpw.mods.fml.common.launcher.FMLTweaker
[15:12:29] [main/INFO] [GradleStart]: No arguments specified, assuming client.
[15:12:29] [main/INFO] [GradleStart]: Running with arguments: [--version, 1.7.2, --tweakClass, cpw.mods.fml.common.launcher.FMLTweaker, --assetIndex, legacy, --assetsDir, D:/Users/Administrator/.gradle/caches/minecraft/assets, --accessToken, FML, --userProperties, {}, --username, ForgeDevName]
[15:12:29] [main/INFO] [LaunchWrapper]: Loading tweak class name cpw.mods.fml.common.launcher.FMLTweaker
[15:12:29] [main/INFO] [LaunchWrapper]: Using primary tweak class name cpw.mods.fml.common.launcher.FMLTweaker
[15:12:29] [main/INFO] [LaunchWrapper]: Calling tweak class cpw.mods.fml.common.launcher.FMLTweaker
[15:27:27] [main/INFO] [GradleStart]: No arguments specified, assuming client.
[15:27:27] [main/INFO] [GradleStart]: Running with arguments: [--version, 1.7.2, --tweakClass, cpw.mods.fml.common.launcher.FMLTweaker, --assetIndex, legacy, --assetsDir, D:/Users/Administrator/.gradle/caches/minecraft/assets, --accessToken, FML, --userProperties, {}, --username, ForgeDevName]
[15:27:27] [main/INFO] [LaunchWrapper]: Loading tweak class name cpw.mods.fml.common.launcher.FMLTweaker
[15:27:27] [main/INFO] [LaunchWrapper]: Using primary tweak class name cpw.mods.fml.common.launcher.FMLTweaker
[15:27:27] [main/INFO] [LaunchWrapper]: Calling tweak class cpw.mods.fml.common.launcher.FMLTweaker
[15:31:31] [main/INFO] [GradleStart]: No arguments specified, assuming client.
[15:31:31] [main/INFO] [GradleStart]: Running with arguments: [--version, 1.7.2, --tweakClass, cpw.mods.fml.common.launcher.FMLTweaker, --assetIndex, legacy, --assetsDir, D:/Users/Administrator/.gradle/caches/minecraft/assets, --accessToken, FML, --userProperties, {}, --username, ForgeDevName]
[15:31:31] [main/INFO] [LaunchWrapper]: Loading tweak class name cpw.mods.fml.common.launcher.FMLTweaker
[15:31:31] [main/INFO] [LaunchWrapper]: Using primary tweak class name cpw.mods.fml.common.launcher.FMLTweaker
[15:31:31] [main/INFO] [LaunchWrapper]: Calling tweak class cpw.mods.fml.common.launcher.FMLTweaker
[15:32:06] [main/INFO] [GradleStart]: No arguments specified, assuming client.
[15:32:06] [main/INFO] [GradleStart]: Running with arguments: [--version, 1.7.2, --tweakClass, cpw.mods.fml.common.launcher.FMLTweaker, --assetIndex, legacy, --assetsDir, D:/Users/Administrator/.gradle/caches/minecraft/assets, --accessToken, FML, --userProperties, {}, --username, ForgeDevName]
[15:32:06] [main/INFO] [LaunchWrapper]: Loading tweak class name cpw.mods.fml.common.launcher.FMLTweaker
[15:32:06] [main/INFO] [LaunchWrapper]: Using primary tweak class name cpw.mods.fml.common.launcher.FMLTweaker
[15:32:06] [main/INFO] [LaunchWrapper]: Calling tweak class cpw.mods.fml.common.launcher.FMLTweaker
[15:33:45] [main/INFO] [GradleStart]: No arguments specified, assuming client.
[15:33:45] [main/INFO] [GradleStart]: Running with arguments: [--version, 1.7.2, --tweakClass, cpw.mods.fml.common.launcher.FMLTweaker, --assetIndex, legacy, --assetsDir, D:/Users/Administrator/.gradle/caches/minecraft/assets, --accessToken, FML, --userProperties, {}, --username, ForgeDevName]
[15:33:45] [main/INFO] [LaunchWrapper]: Loading tweak class name cpw.mods.fml.common.launcher.FMLTweaker
[15:33:45] [main/INFO] [LaunchWrapper]: Using primary tweak class name cpw.mods.fml.common.launcher.FMLTweaker
[15:33:45] [main/INFO] [LaunchWrapper]: Calling tweak class cpw.mods.fml.common.launcher.FMLTweaker
[15:53:01] [main/INFO] [GradleStart]: No arguments specified, assuming client.
[15:53:01] [main/INFO] [GradleStart]: Running with arguments: [--version, 1.7.2, --tweakClass, cpw.mods.fml.common.launcher.FMLTweaker, --assetIndex, legacy, --assetsDir, D:/Users/Administrator/.gradle/caches/minecraft/assets, --accessToken, FML, --userProperties, {}, --username, ForgeDevName]
[15:53:02] [main/INFO] [LaunchWrapper]: Loading tweak class name cpw.mods.fml.common.launcher.FMLTweaker
[15:53:02] [main/INFO] [LaunchWrapper]: Using primary tweak class name cpw.mods.fml.common.launcher.FMLTweaker
[15:53:02] [main/INFO] [LaunchWrapper]: Calling tweak class cpw.mods.fml.common.launcher.FMLTweaker
[15:56:08] [main/INFO] [GradleStart]: No arguments specified, assuming client.
[15:56:09] [main/INFO] [GradleStart]: Running with arguments: [--version, 1.7.2, --tweakClass, cpw.mods.fml.common.launcher.FMLTweaker, --assetIndex, legacy, --assetsDir, D:/Users/Administrator/.gradle/caches/minecraft/assets, --accessToken, FML, --userProperties, {}, --username, ForgeDevName]
[15:56:09] [main/INFO] [LaunchWrapper]: Loading tweak class name cpw.mods.fml.common.launcher.FMLTweaker
[15:56:09] [main/INFO] [LaunchWrapper]: Using primary tweak class name cpw.mods.fml.common.launcher.FMLTweaker
[15:56:09] [main/INFO] [LaunchWrapper]: Calling tweak class cpw.mods.fml.common.launcher.FMLTweaker
[16:02:26] [main/INFO] [GradleStart]: No arguments specified, assuming client.
[16:02:26] [main/INFO] [GradleStart]: Running with arguments: [--version, 1.7.2, --tweakClass, cpw.mods.fml.common.launcher.FMLTweaker, --assetIndex, legacy, --assetsDir, D:/Users/Administrator/.gradle/caches/minecraft/assets, --accessToken, FML, --userProperties, {}, --username, ForgeDevName]
[16:02:26] [main/INFO] [LaunchWrapper]: Loading tweak class name cpw.mods.fml.common.launcher.FMLTweaker
[16:02:26] [main/INFO] [LaunchWrapper]: Using primary tweak class name cpw.mods.fml.common.launcher.FMLTweaker
[16:02:26] [main/INFO] [LaunchWrapper]: Calling tweak class cpw.mods.fml.common.launcher.FMLTweaker
[16:09:10] [main/INFO] [GradleStart]: No arguments specified, assuming client.
[16:09:10] [main/INFO] [GradleStart]: Running with arguments: [--version, 1.7.2, --tweakClass, cpw.mods.fml.common.launcher.FMLTweaker, --assetIndex, legacy, --assetsDir, D:/Users/Administrator/.gradle/caches/minecraft/assets, --accessToken, FML, --userProperties, {}, --username, ForgeDevName]
[16:09:10] [main/INFO] [LaunchWrapper]: Loading tweak class name cpw.mods.fml.common.launcher.FMLTweaker
[16:09:10] [main/INFO] [LaunchWrapper]: Using primary tweak class name cpw.mods.fml.common.launcher.FMLTweaker
[16:09:10] [main/INFO] [LaunchWrapper]: Calling tweak class cpw.mods.fml.common.launcher.FMLTweaker
[16:15:06] [main/INFO] [GradleStart]: No arguments specified, assuming client.
[16:15:06] [main/INFO] [GradleStart]: Running with arguments: [--version, 1.7.2, --tweakClass, cpw.mods.fml.common.launcher.FMLTweaker, --assetIndex, legacy, --assetsDir, D:/Users/Administrator/.gradle/caches/minecraft/assets, --accessToken, FML, --userProperties, {}, --username, ForgeDevName]
[16:15:06] [main/INFO] [LaunchWrapper]: Loading tweak class name cpw.mods.fml.common.launcher.FMLTweaker
[16:15:06] [main/INFO] [LaunchWrapper]: Using primary tweak class name cpw.mods.fml.common.launcher.FMLTweaker
[16:15:06] [main/INFO] [LaunchWrapper]: Calling tweak class cpw.mods.fml.common.launcher.FMLTweaker
[16:18:27] [main/INFO] [GradleStart]: No arguments specified, assuming client.
[16:18:27] [main/INFO] [GradleStart]: Running with arguments: [--version, 1.7.2, --tweakClass, cpw.mods.fml.common.launcher.FMLTweaker, --assetIndex, legacy, --assetsDir, D:/Users/Administrator/.gradle/caches/minecraft/assets, --accessToken, FML, --userProperties, {}, --username, ForgeDevName]
[16:18:27] [main/INFO] [LaunchWrapper]: Loading tweak class name cpw.mods.fml.common.launcher.FMLTweaker
[16:18:27] [main/INFO] [LaunchWrapper]: Using primary tweak class name cpw.mods.fml.common.launcher.FMLTweaker
[16:18:27] [main/INFO] [LaunchWrapper]: Calling tweak class cpw.mods.fml.common.launcher.FMLTweaker
[16:24:53] [main/INFO] [GradleStart]: No arguments specified, assuming client.
[16:24:53] [main/INFO] [GradleStart]: Running with arguments: [--version, 1.7.2, --tweakClass, cpw.mods.fml.common.launcher.FMLTweaker, --assetIndex, legacy, --assetsDir, D:/Users/Administrator/.gradle/caches/minecraft/assets, --accessToken, FML, --userProperties, {}, --username, ForgeDevName]
[16:24:53] [main/INFO] [LaunchWrapper]: Loading tweak class name cpw.mods.fml.common.launcher.FMLTweaker
[16:24:53] [main/INFO] [LaunchWrapper]: Using primary tweak class name cpw.mods.fml.common.launcher.FMLTweaker
[16:24:53] [main/INFO] [LaunchWrapper]: Calling tweak class cpw.mods.fml.common.launcher.FMLTweaker
[16:26:08] [main/INFO] [GradleStart]: No arguments specified, assuming client.
[16:26:08] [main/INFO] [GradleStart]: Running with arguments: [--version, 1.7.2, --tweakClass, cpw.mods.fml.common.launcher.FMLTweaker, --assetIndex, legacy, --assetsDir, D:/Users/Administrator/.gradle/caches/minecraft/assets, --accessToken, FML, --userProperties, {}, --username, ForgeDevName]
[16:26:08] [main/INFO] [LaunchWrapper]: Loading tweak class name cpw.mods.fml.common.launcher.FMLTweaker
[16:26:08] [main/INFO] [LaunchWrapper]: Using primary tweak class name cpw.mods.fml.common.launcher.FMLTweaker
[16:26:08] [main/INFO] [LaunchWrapper]: Calling tweak class cpw.mods.fml.common.launcher.FMLTweaker
[16:30:46] [main/INFO] [GradleStart]: No arguments specified, assuming client.
[16:30:46] [main/INFO] [GradleStart]: Running with arguments: [--version, 1.7.2, --tweakClass, cpw.mods.fml.common.launcher.FMLTweaker, --assetIndex, legacy, --assetsDir, D:/Users/Administrator/.gradle/caches/minecraft/assets, --accessToken, FML, --userProperties, {}, --username, ForgeDevName]
[16:30:47] [main/INFO] [LaunchWrapper]: Loading tweak class name cpw.mods.fml.common.launcher.FMLTweaker
[16:30:47] [main/INFO] [LaunchWrapper]: Using primary tweak class name cpw.mods.fml.common.launcher.FMLTweaker
[16:30:47] [main/INFO] [LaunchWrapper]: Calling tweak class cpw.mods.fml.common.launcher.FMLTweaker
[16:33:46] [main/INFO] [GradleStart]: No arguments specified, assuming client.
[16:33:46] [main/INFO] [GradleStart]: Running with arguments: [--version, 1.7.2, --tweakClass, cpw.mods.fml.common.launcher.FMLTweaker, --assetIndex, legacy, --assetsDir, D:/Users/Administrator/.gradle/caches/minecraft/assets, --accessToken, FML, --userProperties, {}, --username, ForgeDevName]
[16:33:46] [main/INFO] [LaunchWrapper]: Loading tweak class name cpw.mods.fml.common.launcher.FMLTweaker
[16:33:46] [main/INFO] [LaunchWrapper]: Using primary tweak class name cpw.mods.fml.common.launcher.FMLTweaker
[16:33:46] [main/INFO] [LaunchWrapper]: Calling tweak class cpw.mods.fml.common.launcher.FMLTweaker
[16:37:13] [main/INFO] [GradleStart]: No arguments specified, assuming client.
[16:37:14] [main/INFO] [GradleStart]: Running with arguments: [--version, 1.7.2, --tweakClass, cpw.mods.fml.common.launcher.FMLTweaker, --assetIndex, legacy, --assetsDir, D:/Users/Administrator/.gradle/caches/minecraft/assets, --accessToken, FML, --userProperties, {}, --username, ForgeDevName]
[16:37:14] [main/INFO] [LaunchWrapper]: Loading tweak class name cpw.mods.fml.common.launcher.FMLTweaker
[16:37:14] [main/INFO] [LaunchWrapper]: Using primary tweak class name cpw.mods.fml.common.launcher.FMLTweaker
[16:37:14] [main/INFO] [LaunchWrapper]: Calling tweak class cpw.mods.fml.common.launcher.FMLTweaker
[16:38:38] [main/INFO] [GradleStart]: No arguments specified, assuming client.
[16:38:38] [main/INFO] [GradleStart]: Running with arguments: [--version, 1.7.2, --tweakClass, cpw.mods.fml.common.launcher.FMLTweaker, --assetIndex, legacy, --assetsDir, D:/Users/Administrator/.gradle/caches/minecraft/assets, --accessToken, FML, --userProperties, {}, --username, ForgeDevName]
[16:38:38] [main/INFO] [LaunchWrapper]: Loading tweak class name cpw.mods.fml.common.launcher.FMLTweaker
[16:38:38] [main/INFO] [LaunchWrapper]: Using primary tweak class name cpw.mods.fml.common.launcher.FMLTweaker
[16:38:38] [main/INFO] [LaunchWrapper]: Calling tweak class cpw.mods.fml.common.launcher.FMLTweaker
[16:42:36] [main/INFO] [GradleStart]: No arguments specified, assuming client.
[16:42:36] [main/INFO] [GradleStart]: Running with arguments: [--version, 1.7.2, --tweakClass, cpw.mods.fml.common.launcher.FMLTweaker, --assetIndex, legacy, --assetsDir, D:/Users/Administrator/.gradle/caches/minecraft/assets, --accessToken, FML, --userProperties, {}, --username, ForgeDevName]
[16:42:36] [main/INFO] [LaunchWrapper]: Loading tweak class name cpw.mods.fml.common.launcher.FMLTweaker
[16:42:36] [main/INFO] [LaunchWrapper]: Using primary tweak class name cpw.mods.fml.common.launcher.FMLTweaker
[16:42:36] [main/INFO] [LaunchWrapper]: Calling tweak class cpw.mods.fml.common.launcher.FMLTweaker
[16:44:40] [main/INFO] [GradleStart]: No arguments specified, assuming client.
[16:44:40] [main/INFO] [GradleStart]: Running with arguments: [--version, 1.7.2, --tweakClass, cpw.mods.fml.common.launcher.FMLTweaker, --assetIndex, legacy, --assetsDir, D:/Users/Administrator/.gradle/caches/minecraft/assets, --accessToken, FML, --userProperties, {}, --username, ForgeDevName]
[16:44:40] [main/INFO] [LaunchWrapper]: Loading tweak class name cpw.mods.fml.common.launcher.FMLTweaker
[16:44:40] [main/INFO] [LaunchWrapper]: Using primary tweak class name cpw.mods.fml.common.launcher.FMLTweaker
[16:44:40] [main/INFO] [LaunchWrapper]: Calling tweak class cpw.mods.fml.common.launcher.FMLTweaker
[16:47:14] [main/INFO] [GradleStart]: No arguments specified, assuming client.
[16:47:14] [main/INFO] [GradleStart]: Running with arguments: [--version, 1.7.2, --tweakClass, cpw.mods.fml.common.launcher.FMLTweaker, --assetIndex, legacy, --assetsDir, D:/Users/Administrator/.gradle/caches/minecraft/assets, --accessToken, FML, --userProperties, {}, --username, ForgeDevName]
[16:47:14] [main/INFO] [LaunchWrapper]: Loading tweak class name cpw.mods.fml.common.launcher.FMLTweaker
[16:47:14] [main/INFO] [LaunchWrapper]: Using primary tweak class name cpw.mods.fml.common.launcher.FMLTweaker
[16:47:14] [main/INFO] [LaunchWrapper]: Calling tweak class cpw.mods.fml.common.launcher.FMLTweaker
[16:50:56] [main/INFO] [GradleStart]: No arguments specified, assuming client.
[16:50:56] [main/INFO] [GradleStart]: Running with arguments: [--version, 1.7.2, --tweakClass, cpw.mods.fml.common.launcher.FMLTweaker, --assetIndex, legacy, --assetsDir, D:/Users/Administrator/.gradle/caches/minecraft/assets, --accessToken, FML, --userProperties, {}, --username, ForgeDevName]
[16:50:56] [main/INFO] [LaunchWrapper]: Loading tweak class name cpw.mods.fml.common.launcher.FMLTweaker
[16:50:56] [main/INFO] [LaunchWrapper]: Using primary tweak class name cpw.mods.fml.common.launcher.FMLTweaker
[16:50:56] [main/INFO] [LaunchWrapper]: Calling tweak class cpw.mods.fml.common.launcher.FMLTweaker
[16:54:19] [main/INFO] [GradleStart]: No arguments specified, assuming client.
[16:54:19] [main/INFO] [GradleStart]: Running with arguments: [--version, 1.7.2, --tweakClass, cpw.mods.fml.common.launcher.FMLTweaker, --assetIndex, legacy, --assetsDir, D:/Users/Administrator/.gradle/caches/minecraft/assets, --accessToken, FML, --userProperties, {}, --username, ForgeDevName]
[16:54:19] [main/INFO] [LaunchWrapper]: Loading tweak class name cpw.mods.fml.common.launcher.FMLTweaker
[16:54:19] [main/INFO] [LaunchWrapper]: Using primary tweak class name cpw.mods.fml.common.launcher.FMLTweaker
[16:54:19] [main/INFO] [LaunchWrapper]: Calling tweak class cpw.mods.fml.common.launcher.FMLTweaker
[16:57:05] [main/INFO] [GradleStart]: No arguments specified, assuming client.
[16:57:05] [main/INFO] [GradleStart]: Running with arguments: [--version, 1.7.2, --tweakClass, cpw.mods.fml.common.launcher.FMLTweaker, --assetIndex, legacy, --assetsDir, D:/Users/Administrator/.gradle/caches/minecraft/assets, --accessToken, FML, --userProperties, {}, --username, ForgeDevName]
[16:57:05] [main/INFO] [LaunchWrapper]: Loading tweak class name cpw.mods.fml.common.launcher.FMLTweaker
[16:57:05] [main/INFO] [LaunchWrapper]: Using primary tweak class name cpw.mods.fml.common.launcher.FMLTweaker
[16:57:05] [main/INFO] [LaunchWrapper]: Calling tweak class cpw.mods.fml.common.launcher.FMLTweaker
[17:06:20] [main/INFO] [GradleStart]: No arguments specified, assuming client.
[17:06:20] [main/INFO] [GradleStart]: Running with arguments: [--version, 1.7.2, --tweakClass, cpw.mods.fml.common.launcher.FMLTweaker, --assetIndex, legacy, --assetsDir, D:/Users/Administrator/.gradle/caches/minecraft/assets, --accessToken, FML, --userProperties, {}, --username, ForgeDevName]
[17:06:20] [main/INFO] [LaunchWrapper]: Loading tweak class name cpw.mods.fml.common.launcher.FMLTweaker
[17:06:20] [main/INFO] [LaunchWrapper]: Using primary tweak class name cpw.mods.fml.common.launcher.FMLTweaker
[17:06:20] [main/INFO] [LaunchWrapper]: Calling tweak class cpw.mods.fml.common.launcher.FMLTweaker
[13:29:27] [main/INFO] [GradleStart]: No arguments specified, assuming client.
[13:29:27] [main/INFO] [GradleStart]: Running with arguments: [--version, 1.7.2, --tweakClass, cpw.mods.fml.common.launcher.FMLTweaker, --assetIndex, legacy, --assetsDir, D:/Users/Administrator/.gradle/caches/minecraft/assets, --accessToken, FML, --userProperties, {}, --username, ForgeDevName]
[13:29:27] [main/INFO] [LaunchWrapper]: Loading tweak class name cpw.mods.fml.common.launcher.FMLTweaker
[13:29:27] [main/INFO] [LaunchWrapper]: Using primary tweak class name cpw.mods.fml.common.launcher.FMLTweaker
[13:29:27] [main/INFO] [LaunchWrapper]: Calling tweak class cpw.mods.fml.common.launcher.FMLTweaker
[13:31:20] [main/INFO] [GradleStart]: No arguments specified, assuming client.
[13:31:20] [main/INFO] [GradleStart]: Running with arguments: [--version, 1.7.2, --tweakClass, cpw.mods.fml.common.launcher.FMLTweaker, --assetIndex, legacy, --assetsDir, D:/Users/Administrator/.gradle/caches/minecraft/assets, --accessToken, FML, --userProperties, {}, --username, ForgeDevName]
[13:31:20] [main/INFO] [LaunchWrapper]: Loading tweak class name cpw.mods.fml.common.launcher.FMLTweaker
[13:31:20] [main/INFO] [LaunchWrapper]: Using primary tweak class name cpw.mods.fml.common.launcher.FMLTweaker
[13:31:20] [main/INFO] [LaunchWrapper]: Calling tweak class cpw.mods.fml.common.launcher.FMLTweaker
[13:46:27] [main/INFO] [GradleStart]: No arguments specified, assuming client.
[13:46:27] [main/INFO] [GradleStart]: Running with arguments: [--version, 1.7.2, --tweakClass, cpw.mods.fml.common.launcher.FMLTweaker, --assetIndex, legacy, --assetsDir, D:/Users/Administrator/.gradle/caches/minecraft/assets, --accessToken, FML, --userProperties, {}, --username, ForgeDevName]
[13:46:27] [main/INFO] [LaunchWrapper]: Loading tweak class name cpw.mods.fml.common.launcher.FMLTweaker
[13:46:27] [main/INFO] [LaunchWrapper]: Using primary tweak class name cpw.mods.fml.common.launcher.FMLTweaker
[13:46:27] [main/INFO] [LaunchWrapper]: Calling tweak class cpw.mods.fml.common.launcher.FMLTweaker
[14:01:04] [main/INFO] [GradleStart]: No arguments specified, assuming client.
[14:01:04] [main/INFO] [GradleStart]: Running with arguments: [--version, 1.7.2, --tweakClass, cpw.mods.fml.common.launcher.FMLTweaker, --assetIndex, legacy, --assetsDir, D:/Users/Administrator/.gradle/caches/minecraft/assets, --accessToken, FML, --userProperties, {}, --username, ForgeDevName]
[14:01:04] [main/INFO] [LaunchWrapper]: Loading tweak class name cpw.mods.fml.common.launcher.FMLTweaker
[14:01:04] [main/INFO] [LaunchWrapper]: Using primary tweak class name cpw.mods.fml.common.launcher.FMLTweaker
[14:01:04] [main/INFO] [LaunchWrapper]: Calling tweak class cpw.mods.fml.common.launcher.FMLTweaker
[14:19:06] [main/INFO] [GradleStart]: No arguments specified, assuming client.
[14:19:06] [main/INFO] [GradleStart]: Running with arguments: [--version, 1.7.2, --tweakClass, cpw.mods.fml.common.launcher.FMLTweaker, --assetIndex, legacy, --assetsDir, D:/Users/Administrator/.gradle/caches/minecraft/assets, --accessToken, FML, --userProperties, {}, --username, ForgeDevName]
[14:19:06] [main/INFO] [LaunchWrapper]: Loading tweak class name cpw.mods.fml.common.launcher.FMLTweaker
[14:19:06] [main/INFO] [LaunchWrapper]: Using primary tweak class name cpw.mods.fml.common.launcher.FMLTweaker
[14:19:06] [main/INFO] [LaunchWrapper]: Calling tweak class cpw.mods.fml.common.launcher.FMLTweaker
[14:32:36] [main/INFO] [GradleStart]: No arguments specified, assuming client.
[14:32:36] [main/INFO] [GradleStart]: Running with arguments: [--version, 1.7.2, --tweakClass, cpw.mods.fml.common.launcher.FMLTweaker, --assetIndex, legacy, --assetsDir, D:/Users/Administrator/.gradle/caches/minecraft/assets, --accessToken, FML, --userProperties, {}, --username, ForgeDevName]
[14:32:36] [main/INFO] [LaunchWrapper]: Loading tweak class name cpw.mods.fml.common.launcher.FMLTweaker
[14:32:36] [main/INFO] [LaunchWrapper]: Using primary tweak class name cpw.mods.fml.common.launcher.FMLTweaker
[14:32:36] [main/INFO] [LaunchWrapper]: Calling tweak class cpw.mods.fml.common.launcher.FMLTweaker
[14:33:30] [main/INFO] [GradleStart]: No arguments specified, assuming client.
[14:33:30] [main/INFO] [GradleStart]: Running with arguments: [--version, 1.7.2, --tweakClass, cpw.mods.fml.common.launcher.FMLTweaker, --assetIndex, legacy, --assetsDir, D:/Users/Administrator/.gradle/caches/minecraft/assets, --accessToken, FML, --userProperties, {}, --username, ForgeDevName]
[14:33:30] [main/INFO] [LaunchWrapper]: Loading tweak class name cpw.mods.fml.common.launcher.FMLTweaker
[14:33:30] [main/INFO] [LaunchWrapper]: Using primary tweak class name cpw.mods.fml.common.launcher.FMLTweaker
[14:33:30] [main/INFO] [LaunchWrapper]: Calling tweak class cpw.mods.fml.common.launcher.FMLTweaker
[14:34:41] [main/INFO] [GradleStart]: No arguments specified, assuming client.
[14:34:41] [main/INFO] [GradleStart]: Running with arguments: [--version, 1.7.2, --tweakClass, cpw.mods.fml.common.launcher.FMLTweaker, --assetIndex, legacy, --assetsDir, D:/Users/Administrator/.gradle/caches/minecraft/assets, --accessToken, FML, --userProperties, {}, --username, ForgeDevName]
[14:34:41] [main/INFO] [LaunchWrapper]: Loading tweak class name cpw.mods.fml.common.launcher.FMLTweaker
[14:34:41] [main/INFO] [LaunchWrapper]: Using primary tweak class name cpw.mods.fml.common.launcher.FMLTweaker
[14:34:41] [main/INFO] [LaunchWrapper]: Calling tweak class cpw.mods.fml.common.launcher.FMLTweaker
[14:35:45] [main/INFO] [GradleStart]: No arguments specified, assuming client.
[14:35:45] [main/INFO] [GradleStart]: Running with arguments: [--version, 1.7.2, --tweakClass, cpw.mods.fml.common.launcher.FMLTweaker, --assetIndex, legacy, --assetsDir, D:/Users/Administrator/.gradle/caches/minecraft/assets, --accessToken, FML, --userProperties, {}, --username, ForgeDevName]
[14:35:45] [main/INFO] [LaunchWrapper]: Loading tweak class name cpw.mods.fml.common.launcher.FMLTweaker
[14:35:45] [main/INFO] [LaunchWrapper]: Using primary tweak class name cpw.mods.fml.common.launcher.FMLTweaker
[14:35:45] [main/INFO] [LaunchWrapper]: Calling tweak class cpw.mods.fml.common.launcher.FMLTweaker
[14:38:27] [main/INFO] [GradleStart]: No arguments specified, assuming client.
[14:38:27] [main/INFO] [GradleStart]: Running with arguments: [--version, 1.7.2, --tweakClass, cpw.mods.fml.common.launcher.FMLTweaker, --assetIndex, legacy, --assetsDir, D:/Users/Administrator/.gradle/caches/minecraft/assets, --accessToken, FML, --userProperties, {}, --username, ForgeDevName]
[14:38:27] [main/INFO] [LaunchWrapper]: Loading tweak class name cpw.mods.fml.common.launcher.FMLTweaker
[14:38:27] [main/INFO] [LaunchWrapper]: Using primary tweak class name cpw.mods.fml.common.launcher.FMLTweaker
[14:38:27] [main/INFO] [LaunchWrapper]: Calling tweak class cpw.mods.fml.common.launcher.FMLTweaker
[14:42:32] [main/INFO] [GradleStart]: No arguments specified, assuming client.
[14:42:32] [main/INFO] [GradleStart]: Running with arguments: [--version, 1.7.2, --tweakClass, cpw.mods.fml.common.launcher.FMLTweaker, --assetIndex, legacy, --assetsDir, D:/Users/Administrator/.gradle/caches/minecraft/assets, --accessToken, FML, --userProperties, {}, --username, ForgeDevName]
[14:42:32] [main/INFO] [LaunchWrapper]: Loading tweak class name cpw.mods.fml.common.launcher.FMLTweaker
[14:42:32] [main/INFO] [LaunchWrapper]: Using primary tweak class name cpw.mods.fml.common.launcher.FMLTweaker
[14:42:32] [main/INFO] [LaunchWrapper]: Calling tweak class cpw.mods.fml.common.launcher.FMLTweaker
[15:30:20] [main/INFO] [GradleStart]: No arguments specified, assuming client.
[15:30:20] [main/INFO] [GradleStart]: Running with arguments: [--version, 1.7.2, --tweakClass, cpw.mods.fml.common.launcher.FMLTweaker, --assetIndex, legacy, --assetsDir, D:/Users/Administrator/.gradle/caches/minecraft/assets, --accessToken, FML, --userProperties, {}, --username, ForgeDevName]
[15:30:20] [main/INFO] [LaunchWrapper]: Loading tweak class name cpw.mods.fml.common.launcher.FMLTweaker
[15:30:20] [main/INFO] [LaunchWrapper]: Using primary tweak class name cpw.mods.fml.common.launcher.FMLTweaker
[15:30:20] [main/INFO] [LaunchWrapper]: Calling tweak class cpw.mods.fml.common.launcher.FMLTweaker
[16:49:25] [main/INFO] [GradleStart]: No arguments specified, assuming client.
[16:49:25] [main/INFO] [GradleStart]: Running with arguments: [--version, 1.7.2, --tweakClass, cpw.mods.fml.common.launcher.FMLTweaker, --assetIndex, legacy, --assetsDir, D:/Users/Administrator/.gradle/caches/minecraft/assets, --accessToken, FML, --userProperties, {}, --username, ForgeDevName]
[16:49:25] [main/INFO] [LaunchWrapper]: Loading tweak class name cpw.mods.fml.common.launcher.FMLTweaker
[16:49:25] [main/INFO] [LaunchWrapper]: Using primary tweak class name cpw.mods.fml.common.launcher.FMLTweaker
[16:49:25] [main/INFO] [LaunchWrapper]: Calling tweak class cpw.mods.fml.common.launcher.FMLTweaker
[17:06:22] [main/INFO] [GradleStart]: No arguments specified, assuming client.
[17:06:22] [main/INFO] [GradleStart]: Running with arguments: [--version, 1.7.2, --tweakClass, cpw.mods.fml.common.launcher.FMLTweaker, --assetIndex, legacy, --assetsDir, D:/Users/Administrator/.gradle/caches/minecraft/assets, --accessToken, FML, --userProperties, {}, --username, ForgeDevName]
[17:06:23] [main/INFO] [LaunchWrapper]: Loading tweak class name cpw.mods.fml.common.launcher.FMLTweaker
[17:06:23] [main/INFO] [LaunchWrapper]: Using primary tweak class name cpw.mods.fml.common.launcher.FMLTweaker
[17:06:23] [main/INFO] [LaunchWrapper]: Calling tweak class cpw.mods.fml.common.launcher.FMLTweaker
[17:25:22] [main/INFO] [GradleStart]: No arguments specified, assuming client.
[17:25:22] [main/INFO] [GradleStart]: Running with arguments: [--version, 1.7.2, --tweakClass, cpw.mods.fml.common.launcher.FMLTweaker, --assetIndex, legacy, --assetsDir, D:/Users/Administrator/.gradle/caches/minecraft/assets, --accessToken, FML, --userProperties, {}, --username, ForgeDevName]
[17:25:22] [main/INFO] [LaunchWrapper]: Loading tweak class name cpw.mods.fml.common.launcher.FMLTweaker
[17:25:22] [main/INFO] [LaunchWrapper]: Using primary tweak class name cpw.mods.fml.common.launcher.FMLTweaker
[17:25:22] [main/INFO] [LaunchWrapper]: Calling tweak class cpw.mods.fml.common.launcher.FMLTweaker
[17:32:04] [main/INFO] [GradleStart]: No arguments specified, assuming client.
[17:32:04] [main/INFO] [GradleStart]: Running with arguments: [--version, 1.7.2, --tweakClass, cpw.mods.fml.common.launcher.FMLTweaker, --assetIndex, legacy, --assetsDir, D:/Users/Administrator/.gradle/caches/minecraft/assets, --accessToken, FML, --userProperties, {}, --username, ForgeDevName]
[17:32:04] [main/INFO] [LaunchWrapper]: Loading tweak class name cpw.mods.fml.common.launcher.FMLTweaker
[17:32:04] [main/INFO] [LaunchWrapper]: Using primary tweak class name cpw.mods.fml.common.launcher.FMLTweaker
[17:32:04] [main/INFO] [LaunchWrapper]: Calling tweak class cpw.mods.fml.common.launcher.FMLTweaker
[17:33:21] [main/INFO] [GradleStart]: No arguments specified, assuming client.
[17:33:21] [main/INFO] [GradleStart]: Running with arguments: [--version, 1.7.2, --tweakClass, cpw.mods.fml.common.launcher.FMLTweaker, --assetIndex, legacy, --assetsDir, D:/Users/Administrator/.gradle/caches/minecraft/assets, --accessToken, FML, --userProperties, {}, --username, ForgeDevName]
[17:33:21] [main/INFO] [LaunchWrapper]: Loading tweak class name cpw.mods.fml.common.launcher.FMLTweaker
[17:33:21] [main/INFO] [LaunchWrapper]: Using primary tweak class name cpw.mods.fml.common.launcher.FMLTweaker
[17:33:21] [main/INFO] [LaunchWrapper]: Calling tweak class cpw.mods.fml.common.launcher.FMLTweaker
[17:47:43] [main/INFO] [GradleStart]: No arguments specified, assuming client.
[17:47:43] [main/INFO] [GradleStart]: Running with arguments: [--version, 1.7.2, --tweakClass, cpw.mods.fml.common.launcher.FMLTweaker, --assetIndex, legacy, --assetsDir, D:/Users/Administrator/.gradle/caches/minecraft/assets, --accessToken, FML, --userProperties, {}, --username, ForgeDevName]
[17:47:44] [main/INFO] [LaunchWrapper]: Loading tweak class name cpw.mods.fml.common.launcher.FMLTweaker
[17:47:44] [main/INFO] [LaunchWrapper]: Using primary tweak class name cpw.mods.fml.common.launcher.FMLTweaker
[17:47:44] [main/INFO] [LaunchWrapper]: Calling tweak class cpw.mods.fml.common.launcher.FMLTweaker
[18:05:05] [main/INFO] [GradleStart]: No arguments specified, assuming client.
[18:05:05] [main/INFO] [GradleStart]: Running with arguments: [--version, 1.7.2, --tweakClass, cpw.mods.fml.common.launcher.FMLTweaker, --assetIndex, legacy, --assetsDir, D:/Users/Administrator/.gradle/caches/minecraft/assets, --accessToken, FML, --userProperties, {}, --username, ForgeDevName]
[18:05:05] [main/INFO] [LaunchWrapper]: Loading tweak class name cpw.mods.fml.common.launcher.FMLTweaker
[18:05:05] [main/INFO] [LaunchWrapper]: Using primary tweak class name cpw.mods.fml.common.launcher.FMLTweaker
[18:05:05] [main/INFO] [LaunchWrapper]: Calling tweak class cpw.mods.fml.common.launcher.FMLTweaker
[18:08:02] [main/INFO] [GradleStart]: No arguments specified, assuming client.
[18:08:02] [main/INFO] [GradleStart]: Running with arguments: [--version, 1.7.2, --tweakClass, cpw.mods.fml.common.launcher.FMLTweaker, --assetIndex, legacy, --assetsDir, D:/Users/Administrator/.gradle/caches/minecraft/assets, --accessToken, FML, --userProperties, {}, --username, ForgeDevName]
[18:08:02] [main/INFO] [LaunchWrapper]: Loading tweak class name cpw.mods.fml.common.launcher.FMLTweaker
[18:08:02] [main/INFO] [LaunchWrapper]: Using primary tweak class name cpw.mods.fml.common.launcher.FMLTweaker
[18:08:02] [main/INFO] [LaunchWrapper]: Calling tweak class cpw.mods.fml.common.launcher.FMLTweaker
[18:09:47] [main/INFO] [GradleStart]: No arguments specified, assuming client.
[18:09:47] [main/INFO] [GradleStart]: Running with arguments: [--version, 1.7.2, --tweakClass, cpw.mods.fml.common.launcher.FMLTweaker, --assetIndex, legacy, --assetsDir, D:/Users/Administrator/.gradle/caches/minecraft/assets, --accessToken, FML, --userProperties, {}, --username, ForgeDevName]
[18:09:47] [main/INFO] [LaunchWrapper]: Loading tweak class name cpw.mods.fml.common.launcher.FMLTweaker
[18:09:47] [main/INFO] [LaunchWrapper]: Using primary tweak class name cpw.mods.fml.common.launcher.FMLTweaker
[18:09:47] [main/INFO] [LaunchWrapper]: Calling tweak class cpw.mods.fml.common.launcher.FMLTweaker
[12:57:43] [main/INFO] [GradleStart]: No arguments specified, assuming client.
[12:57:43] [main/INFO] [GradleStart]: Running with arguments: [--version, 1.7.2, --tweakClass, cpw.mods.fml.common.launcher.FMLTweaker, --assetIndex, legacy, --assetsDir, D:/Users/Administrator/.gradle/caches/minecraft/assets, --accessToken, FML, --userProperties, {}, --username, ForgeDevName]
[12:57:43] [main/INFO] [LaunchWrapper]: Loading tweak class name cpw.mods.fml.common.launcher.FMLTweaker
[12:57:43] [main/INFO] [LaunchWrapper]: Using primary tweak class name cpw.mods.fml.common.launcher.FMLTweaker
[12:57:43] [main/INFO] [LaunchWrapper]: Calling tweak class cpw.mods.fml.common.launcher.FMLTweaker
[13:11:45] [main/INFO] [GradleStart]: No arguments specified, assuming client.
[13:11:46] [main/INFO] [GradleStart]: Running with arguments: [--version, 1.7.2, --tweakClass, cpw.mods.fml.common.launcher.FMLTweaker, --assetIndex, legacy, --assetsDir, D:/Users/Administrator/.gradle/caches/minecraft/assets, --accessToken, FML, --userProperties, {}, --username, ForgeDevName]
[13:11:46] [main/INFO] [LaunchWrapper]: Loading tweak class name cpw.mods.fml.common.launcher.FMLTweaker
[13:11:46] [main/INFO] [LaunchWrapper]: Using primary tweak class name cpw.mods.fml.common.launcher.FMLTweaker
[13:11:46] [main/INFO] [LaunchWrapper]: Calling tweak class cpw.mods.fml.common.launcher.FMLTweaker
[13:13:20] [main/INFO] [GradleStart]: No arguments specified, assuming client.
[13:13:20] [main/INFO] [GradleStart]: Running with arguments: [--version, 1.7.2, --tweakClass, cpw.mods.fml.common.launcher.FMLTweaker, --assetIndex, legacy, --assetsDir, D:/Users/Administrator/.gradle/caches/minecraft/assets, --accessToken, FML, --userProperties, {}, --username, ForgeDevName]
[13:13:20] [main/INFO] [LaunchWrapper]: Loading tweak class name cpw.mods.fml.common.launcher.FMLTweaker
[13:13:20] [main/INFO] [LaunchWrapper]: Using primary tweak class name cpw.mods.fml.common.launcher.FMLTweaker
[13:13:20] [main/INFO] [LaunchWrapper]: Calling tweak class cpw.mods.fml.common.launcher.FMLTweaker
[13:14:12] [main/INFO] [GradleStart]: No arguments specified, assuming client.
[13:14:12] [main/INFO] [GradleStart]: Running with arguments: [--version, 1.7.2, --tweakClass, cpw.mods.fml.common.launcher.FMLTweaker, --assetIndex, legacy, --assetsDir, D:/Users/Administrator/.gradle/caches/minecraft/assets, --accessToken, FML, --userProperties, {}, --username, ForgeDevName]
[13:14:12] [main/INFO] [LaunchWrapper]: Loading tweak class name cpw.mods.fml.common.launcher.FMLTweaker
[13:14:12] [main/INFO] [LaunchWrapper]: Using primary tweak class name cpw.mods.fml.common.launcher.FMLTweaker
[13:14:12] [main/INFO] [LaunchWrapper]: Calling tweak class cpw.mods.fml.common.launcher.FMLTweaker
[13:16:09] [main/INFO] [GradleStart]: No arguments specified, assuming client.
[13:16:09] [main/INFO] [GradleStart]: Running with arguments: [--version, 1.7.2, --tweakClass, cpw.mods.fml.common.launcher.FMLTweaker, --assetIndex, legacy, --assetsDir, D:/Users/Administrator/.gradle/caches/minecraft/assets, --accessToken, FML, --userProperties, {}, --username, ForgeDevName]
[13:16:09] [main/INFO] [LaunchWrapper]: Loading tweak class name cpw.mods.fml.common.launcher.FMLTweaker
[13:16:09] [main/INFO] [LaunchWrapper]: Using primary tweak class name cpw.mods.fml.common.launcher.FMLTweaker
[13:16:09] [main/INFO] [LaunchWrapper]: Calling tweak class cpw.mods.fml.common.launcher.FMLTweaker
[13:58:08] [main/INFO] [GradleStart]: No arguments specified, assuming client.
[13:58:08] [main/INFO] [GradleStart]: Running with arguments: [--version, 1.7.2, --tweakClass, cpw.mods.fml.common.launcher.FMLTweaker, --assetIndex, legacy, --assetsDir, D:/Users/Administrator/.gradle/caches/minecraft/assets, --accessToken, FML, --userProperties, {}, --username, ForgeDevName]
[13:58:08] [main/INFO] [LaunchWrapper]: Loading tweak class name cpw.mods.fml.common.launcher.FMLTweaker
[13:58:08] [main/INFO] [LaunchWrapper]: Using primary tweak class name cpw.mods.fml.common.launcher.FMLTweaker
[13:58:08] [main/INFO] [LaunchWrapper]: Calling tweak class cpw.mods.fml.common.launcher.FMLTweaker
[14:37:23] [main/INFO] [GradleStart]: No arguments specified, assuming client.
[14:37:23] [main/INFO] [GradleStart]: Running with arguments: [--version, 1.7.2, --tweakClass, cpw.mods.fml.common.launcher.FMLTweaker, --assetIndex, legacy, --assetsDir, D:/Users/Administrator/.gradle/caches/minecraft/assets, --accessToken, FML, --userProperties, {}, --username, ForgeDevName]
[14:37:23] [main/INFO] [LaunchWrapper]: Loading tweak class name cpw.mods.fml.common.launcher.FMLTweaker
[14:37:23] [main/INFO] [LaunchWrapper]: Using primary tweak class name cpw.mods.fml.common.launcher.FMLTweaker
[14:37:23] [main/INFO] [LaunchWrapper]: Calling tweak class cpw.mods.fml.common.launcher.FMLTweaker
[14:38:33] [main/INFO] [GradleStart]: No arguments specified, assuming client.
[14:38:33] [main/INFO] [GradleStart]: Running with arguments: [--version, 1.7.2, --tweakClass, cpw.mods.fml.common.launcher.FMLTweaker, --assetIndex, legacy, --assetsDir, D:/Users/Administrator/.gradle/caches/minecraft/assets, --accessToken, FML, --userProperties, {}, --username, ForgeDevName]
[14:38:33] [main/INFO] [LaunchWrapper]: Loading tweak class name cpw.mods.fml.common.launcher.FMLTweaker
[14:38:33] [main/INFO] [LaunchWrapper]: Using primary tweak class name cpw.mods.fml.common.launcher.FMLTweaker
[14:38:33] [main/INFO] [LaunchWrapper]: Calling tweak class cpw.mods.fml.common.launcher.FMLTweaker
[14:46:53] [main/INFO] [GradleStart]: No arguments specified, assuming client.
[14:46:53] [main/INFO] [GradleStart]: Running with arguments: [--version, 1.7.2, --tweakClass, cpw.mods.fml.common.launcher.FMLTweaker, --assetIndex, legacy, --assetsDir, D:/Users/Administrator/.gradle/caches/minecraft/assets, --accessToken, FML, --userProperties, {}, --username, ForgeDevName]
[14:46:53] [main/INFO] [LaunchWrapper]: Loading tweak class name cpw.mods.fml.common.launcher.FMLTweaker
[14:46:53] [main/INFO] [LaunchWrapper]: Using primary tweak class name cpw.mods.fml.common.launcher.FMLTweaker
[14:46:53] [main/INFO] [LaunchWrapper]: Calling tweak class cpw.mods.fml.common.launcher.FMLTweaker
[14:56:01] [main/INFO] [GradleStart]: No arguments specified, assuming client.
[14:56:01] [main/INFO] [GradleStart]: Running with arguments: [--version, 1.7.2, --tweakClass, cpw.mods.fml.common.launcher.FMLTweaker, --assetIndex, legacy, --assetsDir, D:/Users/Administrator/.gradle/caches/minecraft/assets, --accessToken, FML, --userProperties, {}, --username, ForgeDevName]
[14:56:01] [main/INFO] [LaunchWrapper]: Loading tweak class name cpw.mods.fml.common.launcher.FMLTweaker
[14:56:01] [main/INFO] [LaunchWrapper]: Using primary tweak class name cpw.mods.fml.common.launcher.FMLTweaker
[14:56:01] [main/INFO] [LaunchWrapper]: Calling tweak class cpw.mods.fml.common.launcher.FMLTweaker
[17:24:20] [main/INFO] [GradleStart]: No arguments specified, assuming client.
[17:24:20] [main/INFO] [GradleStart]: Running with arguments: [--version, 1.7.2, --tweakClass, cpw.mods.fml.common.launcher.FMLTweaker, --assetIndex, legacy, --assetsDir, D:/Users/Administrator/.gradle/caches/minecraft/assets, --accessToken, FML, --userProperties, {}, --username, ForgeDevName]
[17:24:20] [main/INFO] [LaunchWrapper]: Loading tweak class name cpw.mods.fml.common.launcher.FMLTweaker
[17:24:20] [main/INFO] [LaunchWrapper]: Using primary tweak class name cpw.mods.fml.common.launcher.FMLTweaker
[17:24:20] [main/INFO] [LaunchWrapper]: Calling tweak class cpw.mods.fml.common.launcher.FMLTweaker
[17:24:56] [main/INFO] [GradleStart]: No arguments specified, assuming client.
[17:24:56] [main/INFO] [GradleStart]: Running with arguments: [--version, 1.7.2, --tweakClass, cpw.mods.fml.common.launcher.FMLTweaker, --assetIndex, legacy, --assetsDir, D:/Users/Administrator/.gradle/caches/minecraft/assets, --accessToken, FML, --userProperties, {}, --username, ForgeDevName]
[17:24:56] [main/INFO] [LaunchWrapper]: Loading tweak class name cpw.mods.fml.common.launcher.FMLTweaker
[17:24:56] [main/INFO] [LaunchWrapper]: Using primary tweak class name cpw.mods.fml.common.launcher.FMLTweaker
[17:24:56] [main/INFO] [LaunchWrapper]: Calling tweak class cpw.mods.fml.common.launcher.FMLTweaker
[17:33:49] [main/INFO] [GradleStart]: No arguments specified, assuming client.
[17:33:49] [main/INFO] [GradleStart]: Running with arguments: [--version, 1.7.2, --tweakClass, cpw.mods.fml.common.launcher.FMLTweaker, --assetIndex, legacy, --assetsDir, D:/Users/Administrator/.gradle/caches/minecraft/assets, --accessToken, FML, --userProperties, {}, --username, ForgeDevName]
[17:33:49] [main/INFO] [LaunchWrapper]: Loading tweak class name cpw.mods.fml.common.launcher.FMLTweaker
[17:33:49] [main/INFO] [LaunchWrapper]: Using primary tweak class name cpw.mods.fml.common.launcher.FMLTweaker
[17:33:49] [main/INFO] [LaunchWrapper]: Calling tweak class cpw.mods.fml.common.launcher.FMLTweaker
[17:53:37] [main/INFO] [GradleStart]: No arguments specified, assuming client.
[17:53:37] [main/INFO] [GradleStart]: Running with arguments: [--version, 1.7.2, --tweakClass, cpw.mods.fml.common.launcher.FMLTweaker, --assetIndex, legacy, --assetsDir, D:/Users/Administrator/.gradle/caches/minecraft/assets, --accessToken, FML, --userProperties, {}, --username, ForgeDevName]
[17:53:37] [main/INFO] [LaunchWrapper]: Loading tweak class name cpw.mods.fml.common.launcher.FMLTweaker
[17:53:37] [main/INFO] [LaunchWrapper]: Using primary tweak class name cpw.mods.fml.common.launcher.FMLTweaker
[17:53:37] [main/INFO] [LaunchWrapper]: Calling tweak class cpw.mods.fml.common.launcher.FMLTweaker
[17:57:00] [main/INFO] [GradleStart]: No arguments specified, assuming client.
[17:57:00] [main/INFO] [GradleStart]: Running with arguments: [--version, 1.7.2, --tweakClass, cpw.mods.fml.common.launcher.FMLTweaker, --assetIndex, legacy, --assetsDir, D:/Users/Administrator/.gradle/caches/minecraft/assets, --accessToken, FML, --userProperties, {}, --username, ForgeDevName]
[17:57:00] [main/INFO] [LaunchWrapper]: Loading tweak class name cpw.mods.fml.common.launcher.FMLTweaker
[17:57:00] [main/INFO] [LaunchWrapper]: Using primary tweak class name cpw.mods.fml.common.launcher.FMLTweaker
[17:57:00] [main/INFO] [LaunchWrapper]: Calling tweak class cpw.mods.fml.common.launcher.FMLTweaker
[18:10:43] [main/INFO] [GradleStart]: No arguments specified, assuming client.
[18:10:43] [main/INFO] [GradleStart]: Running with arguments: [--version, 1.7.2, --tweakClass, cpw.mods.fml.common.launcher.FMLTweaker, --assetIndex, legacy, --assetsDir, D:/Users/Administrator/.gradle/caches/minecraft/assets, --accessToken, FML, --userProperties, {}, --username, ForgeDevName]
[18:10:43] [main/INFO] [LaunchWrapper]: Loading tweak class name cpw.mods.fml.common.launcher.FMLTweaker
[18:10:43] [main/INFO] [LaunchWrapper]: Using primary tweak class name cpw.mods.fml.common.launcher.FMLTweaker
[18:10:43] [main/INFO] [LaunchWrapper]: Calling tweak class cpw.mods.fml.common.launcher.FMLTweaker
