[18:46:48] [main/INFO]: Setting user: ForgeDevName
[18:46:49] [Client thread/INFO]: LWJGL Version: 2.9.0
[18:46:54] [Client thread/INFO]: Reloading ResourceManager: Default, FMLFileResourcePack:Forge Mod Loader, FMLFileResourcePack:Minecraft Forge, FMLFileResourcePack:Not Enough Items, FMLFileResourcePack:Alternate Technics
[18:46:55] [Sound Library Loader/INFO]: Sound engine started
[18:46:55] [Client thread/INFO]: Created: 512x256 textures/blocks-atlas
[18:46:55] [Client thread/INFO]: Created: 256x256 textures/items-atlas
[18:46:56] [Client thread/INFO]: Reloading ResourceManager: Default, FMLFileResourcePack:Forge Mod Loader, FMLFileResourcePack:Minecraft Forge, FMLFileResourcePack:Not Enough Items, FMLFileResourcePack:Alternate Technics
[18:46:56] [Client thread/INFO]: Created: 256x256 textures/items-atlas
[18:46:56] [Client thread/INFO]: Created: 512x256 textures/blocks-atlas
[18:46:57] [Sound Library Loader/INFO]: Sound engine started
[18:46:57] [MCO Availability Checker #1/ERROR]: Couldn't connect to Realms
[18:46:59] [Server thread/INFO]: Starting integrated minecraft server version 1.7.2
[18:46:59] [Server thread/INFO]: Generating keypair
[18:47:00] [Server thread/INFO]: Preparing start region for level 0
[18:47:01] [Server thread/INFO]: ForgeDevName[local:E:a8e003a6] logged in with entity id 262 at (244.97127168464021, 75.0, 256.1150092348755)
[18:47:01] [Server thread/INFO]: ForgeDevName joined the game
[18:47:39] [Server thread/INFO]: Saving and pausing game...
[18:47:39] [Server thread/INFO]: Saving chunks for level 'New World'/Overworld
[18:47:39] [Server thread/INFO]: Saving chunks for level 'New World'/Nether
[18:47:39] [Server thread/INFO]: Saving chunks for level 'New World'/The End
[18:47:41] [Server thread/INFO]: Stopping server
[18:47:41] [Server thread/INFO]: Saving players
[18:47:41] [Server thread/INFO]: Saving worlds
[18:47:41] [Server thread/INFO]: Saving chunks for level 'New World'/Overworld
[18:47:41] [Server thread/INFO]: Saving chunks for level 'New World'/Nether
[18:47:41] [Server thread/INFO]: Saving chunks for level 'New World'/The End
[18:47:44] [Client thread/INFO]: Stopping!
